startkde: Starting up...
Connecting to deprecated signal QDBusConnectionInterface::serviceOwnerChanged(QString,QString,QString)
kbuildsycoca4 running...
kded(5450)/kdeui (Wallet): The kwalletd service has been disabled 
QDBusConnection: name 'org.kde.kglobalaccel' had owner '' but we thought it was ':1.5'
Module  "resources" is registered 
Module  "activities" is registered 
Module  "features" is registered 
This is the current thread id for Activities 140221419063040 QThread(0x1c572e0) 
These are the disabled plugins: ("activitymanager_plugin_dummy", "activitymanager_plugin_nepomuk") 
Initializing plugin: "activitymanager_plugin_slc" 
Initializing plugin: "activitymanager_plugin_globalshortcuts" 
This is the current thread id for Activities 140221968779520 QThread(0x1a86060) 
Initializing plugin: "activitymanager_plugin_virtualdesktopswitch" 
VirtualDesktopSwitch::init 
Module  "org.kde.ActivityManager.VirtualDesktopSwitch" is registered 
Initializing plugin: "activitymanager_plugin_sqlite" 
Module  "org.kde.ActivityManager.Resources.Scoring" is registered 
Initializing plugin: "activitymanager_plugin_activityranking" 
running in thread ActivityRanking 
This is the current thread id for Activities 140221419063040 QThread(0x1c572e0) 
kwin(5475): ""fsrestore1" - conversion of "0,0,0,0" to QRect failed" 
kded(5450) PowerDevil::Core::loadProfile: The profile  "AC" tried to activate "DimDisplay" a non existent action. This is usually due to an installation problem or to a configuration problem. or simlpy the action is not supported 
kded(5450) PowerDevil::Core::loadProfile: The profile  "AC" tried to activate "BrightnessControl" a non existent action. This is usually due to an installation problem or to a configuration problem. or simlpy the action is not supported 
QCoreApplication::sendPostedEvents: Cannot send posted events for objects in another thread
QCoreApplication::sendPostedEvents: Cannot send posted events for objects in another thread
QCoreApplication::sendPostedEvents: Cannot send posted events for objects in another thread
QCoreApplication::sendPostedEvents: Cannot send posted events for objects in another thread
QDBusObjectPath: invalid path ""
This is the current thread id for Activities 140221419063040 QThread(0x1c572e0) 
plasma-desktop(5504)/libplasma Plasma::isPluginVersionCompatible: unversioned plugin detected, may result in instability 
plasma-desktop(5504)/libplasma Plasma::isPluginVersionCompatible: unversioned plugin detected, may result in instability 
plasma-desktop(5504)/libplasma Plasma::isPluginVersionCompatible: unversioned plugin detected, may result in instability 
plasma-desktop(5504)/libplasma Plasma::isPluginVersionCompatible: unversioned plugin detected, may result in instability 
file:///usr/share/kde4/apps/plasma/packages/org.kde.plasma.tasks/contents/ui/GroupDialog.qml:44:9: QML TaskList: Cannot specify anchors for items inside Flow
Connecting to deprecated signal QDBusConnectionInterface::serviceOwnerChanged(QString,QString,QString)
plasma-desktop(5504)/kdeui (Wallet): The kwalletd service has been disabled 
========================>  0 0
file:///usr/share/kde4/apps/plasma/packages/org.kde.systemtray/contents/ui/IconsList.qml:42: TypeError: Result of expression 'delegate_highlight.marginHints' [undefined] is not an object.
static bool QDeclarativeMetaType::isModule(const QByteArray&, int, int) Qt 4.7 import detected; please note that Qt 4.7 is directly reusable as QtQuick 1.x with no code changes. Continuing, but startup time will be slower. 
file:///usr/share/kde4/apps/plasma/plasmoids/battery/contents/ui/CompactRepresentation.qml:73:9: QML Column: Cannot specify top, bottom, verticalCenter, fill or centerIn anchors for items inside Column
kded(5450)/Network Management (NetworkManager backend) ConnectionDbus::fromDbusMap: Setting  "802-1x" not initialized 
kded(5450)/Network Management (NetworkManager backend) ConnectionDbus::fromDbusMap: Setting  "802-1x" not initialized 
kded(5450)/Network Management (NetworkManager backend) ConnectionDbus::fromDbusMap: Setting  "802-3-ethernet" not initialized 
Connecting to deprecated signal QDBusConnectionInterface::serviceOwnerChanged(QString,QString,QString)
kded(5450)/kdecore (trader) KServiceTypeTrader::defaultOffers: KServiceTypeTrader: serviceType  "SolidModemManager"  not found 
file:///usr/lib64/kde4/imports/org/kde/plasma/components/SectionScroller.qml:103: TypeError: Result of expression 'listView' [null] is not an object.
file:///usr/lib64/kde4/imports/org/kde/plasma/components/SectionScroller.qml:175: ReferenceError: Can't find variable: sectionsRepeater
file:///usr/lib64/kde4/imports/org/kde/plasma/components/SectionScroller.qml:103: Error: Cannot assign [undefined] to QString
file:///usr/lib64/kde4/imports/org/kde/plasma/extras/ScrollArea.qml:120: TypeError: Result of expression 'horizontalScrollBar' [null] is not an object.
file:///usr/lib64/kde4/imports/org/kde/plasma/extras/ScrollArea.qml:120: TypeError: Result of expression 'horizontalScrollBar' [null] is not an object.
file:///usr/share/kde4/apps/plasma/plasmoids/notifier/contents/ui/devicenotifier.qml:224:13: QML QDeclarativeListView_QML_123: Possible anchor loop detected on fill.
file:///usr/share/kde4/apps/plasma/plasmoids/notifier/contents/ui/devicenotifier.qml:224:13: QML QDeclarativeListView_QML_123: Possible anchor loop detected on fill.
file:///usr/share/kde4/apps/plasma/plasmoids/notifier/contents/ui/devicenotifier.qml:224:13: QML QDeclarativeListView_QML_123: Possible anchor loop detected on fill.
file:///usr/share/kde4/apps/plasma/plasmoids/notifier/contents/ui/devicenotifier.qml:224:13: QML QDeclarativeListView_QML_123: Possible anchor loop detected on fill.
file:///usr/share/kde4/apps/plasma/plasmoids/notifier/contents/ui/devicenotifier.qml:224:13: QML QDeclarativeListView_QML_123: Possible anchor loop detected on fill.
file:///usr/share/kde4/apps/plasma/plasmoids/notifier/contents/ui/devicenotifier.qml:224:13: QML QDeclarativeListView_QML_123: Possible anchor loop detected on fill.
file:///usr/share/kde4/apps/plasma/plasmoids/notifier/contents/ui/devicenotifier.qml:224:13: QML QDeclarativeListView_QML_123: Possible anchor loop detected on fill.
plasma-desktop(5504)/libakonadi Akonadi::AgentManagerPrivate::createDBusInterface: AgentManager failed to get a valid AgentManager DBus interface. Error is: 1 "org.freedesktop.DBus.Error.NameHasNoOwner" "Could not get owner of name 'org.freedesktop.Akonadi.Control': no such name" 
plasma-desktop(5504)/libakonadi Akonadi::SessionPrivate::socketError: Socket error occurred: "QLocalSocket::connectToServer: Connection refused" 
plasma-desktop(5504)/libakonadi Akonadi::SessionPrivate::socketError: Socket error occurred: "QLocalSocket::connectToServer: Connection refused" 
Connecting to deprecated signal QDBusConnectionInterface::serviceOwnerChanged(QString,QString,QString)
QSqlDatabasePrivate::removeDatabase: connection 'initConnection' is still in use, all queries will cease to work.
QSqlDatabasePrivate::removeDatabase: connection 'initConnection' is still in use, all queries will cease to work.
Connecting to deprecated signal QDBusConnectionInterface::serviceOwnerChanged(QString,QString,QString)
Nepomuk Query Server not available
vmware-user: could not open /proc/fs/vmblock/dev
/usr/bin/sh: /opt/desktop/obi_cc_script/install_tools.sh: No such file or directory
New PolkitAgentListener  0x1683e20 
Adding new listener  PolkitQt1::Agent::Listener(0x1840710) for  0x1683e20 
plasma-desktop(5504)/plasma StatusNotifierItemSource::refreshCallback: DBusMenu disabled for this application 

(tracker-miner-apps:5565): Tracker-WARNING **: 20:13:20.617: Couldn't properly parse desktop file 'file:///home/gosarkar/.local/share/desktop-directories/Oracle.directory': 'Desktop file doesn't contain type'

(tracker-miner-apps:5565): Tracker-WARNING **: 20:13:20.629: Couldn't properly parse desktop file 'file:///home/gosarkar/.local/share/desktop-directories/Oracle-2.directory': 'Desktop file doesn't contain type'

(tracker-miner-apps:5565): Tracker-WARNING **: 20:13:20.638: Couldn't properly parse desktop file 'file:///home/gosarkar/.local/share/desktop-directories/Oracle%20Tools.directory': 'Desktop file doesn't contain type'

(tracker-miner-apps:5565): Tracker-WARNING **: 20:13:20.643: Couldn't properly parse desktop file 'file:///home/gosarkar/.local/share/desktop-directories/Oracle%20Tools-2.directory': 'Desktop file doesn't contain type'

(tracker-miner-apps:5565): Tracker-WARNING **: 20:13:20.657: Couldn't properly parse desktop file 'file:///home/gosarkar/.local/share/desktop-directories/Oracle%20Install%20Scripts.directory': 'Desktop file doesn't contain type'

(tracker-miner-apps:5565): Tracker-WARNING **: 20:13:20.665: Couldn't properly parse desktop file 'file:///home/gosarkar/.local/share/desktop-directories/ITS.directory': 'Desktop file doesn't contain type'

(tracker-miner-apps:5565): Tracker-WARNING **: 20:13:20.687: Couldn't properly parse desktop file 'file:///home/gosarkar/.local/share/desktop-directories/Desktop%20Utilities.directory': 'Desktop file doesn't contain type'
kded(5450) PowerDevil::Core::loadProfile: The profile  "AC" tried to activate "DimDisplay" a non existent action. This is usually due to an installation problem or to a configuration problem. or simlpy the action is not supported 
kded(5450) PowerDevil::Core::loadProfile: The profile  "AC" tried to activate "BrightnessControl" a non existent action. This is usually due to an installation problem or to a configuration problem. or simlpy the action is not supported 
plasma-desktop(5504)/plasma StatusNotifierItemSource::refreshCallback: DBusMenu disabled for this application 
plasma-desktop(5504)/plasma StatusNotifierItemSource::refreshCallback: DBusMenu disabled for this application 
plasma-desktop(5504)/plasma StatusNotifierItemSource::refreshCallback: DBusMenu disabled for this application 
plasma-desktop(5504)/plasma StatusNotifierItemSource::refreshCallback: DBusMenu disabled for this application 
plasma-desktop(5504)/plasma StatusNotifierItemSource::refreshCallback: DBusMenu disabled for this application 
plasma-desktop(5504)/plasma StatusNotifierItemSource::refreshCallback: DBusMenu disabled for this application 
plasma-desktop(5504)/plasma StatusNotifierItemSource::refreshCallback: DBusMenu disabled for this application 
plasma-desktop(5504)/plasma StatusNotifierItemSource::refreshCallback: DBusMenu disabled for this application 
plasma-desktop(5504)/plasma StatusNotifierItemSource::refreshCallback: DBusMenu disabled for this application 
plasma-desktop(5504)/plasma StatusNotifierItemSource::refreshCallback: DBusMenu disabled for this application 
plasma-desktop(5504)/plasma StatusNotifierItemSource::refreshCallback: DBusMenu disabled for this application 
plasma-desktop(5504)/plasma StatusNotifierItemSource::refreshCallback: DBusMenu disabled for this application 
plasma-desktop(5504)/plasma StatusNotifierItemSource::refreshCallback: DBusMenu disabled for this application 
plasma-desktop(5504)/plasma StatusNotifierItemSource::refreshCallback: DBusMenu disabled for this application 
plasma-desktop(5504)/plasma StatusNotifierItemSource::refreshCallback: DBusMenu disabled for this application 
plasma-desktop(5504)/plasma StatusNotifierItemSource::refreshCallback: DBusMenu disabled for this application 
plasma-desktop(5504)/plasma StatusNotifierItemSource::refreshCallback: DBusMenu disabled for this application 
plasma-desktop(5504)/plasma StatusNotifierItemSource::refreshCallback: DBusMenu disabled for this application 
plasma-desktop(5504)/plasma StatusNotifierItemSource::refreshCallback: DBusMenu disabled for this application 
plasma-desktop(5504)/plasma StatusNotifierItemSource::refreshCallback: DBusMenu disabled for this application 
plasma-desktop(5504)/plasma StatusNotifierItemSource::refreshCallback: DBusMenu disabled for this application 
plasma-desktop(5504)/plasma StatusNotifierItemSource::refreshCallback: DBusMenu disabled for this application 
plasma-desktop(5504)/plasma StatusNotifierItemSource::refreshCallback: DBusMenu disabled for this application 
plasma-desktop(5504)/plasma StatusNotifierItemSource::refreshCallback: DBusMenu disabled for this application 

** (firefox:5862): WARNING **: 22:57:55.481: No marshaller for signature of signal 'PropertiesChanged'
plasmapackage:/ui/NotificationDelegate/NotificationDelegate.qml:209:21: QML TextEdit: Possible anchor loop detected on fill.
plasmapackage:/ui/NotificationDelegate/NotificationDelegate.qml:163:13: QML Item: Binding loop detected for property "height"
plasmapackage:/ui/NotificationDelegate/NotificationDelegate.qml:163:13: QML Item: Binding loop detected for property "height"
file:///usr/lib64/kde4/imports/org/kde/plasma/components/TabButton.qml:111:5: QML QObject_QML_158: Binding loop detected for property "portrait"
file:///usr/share/kde4/apps/plasma/plasmoids/org.kde.notifications/contents/ui/Notifications.qml:216:17: QML TabButton: Binding loop detected for property "implicitHeight"
file:///usr/lib64/kde4/imports/org/kde/plasma/components/TabButton.qml:111:5: QML QObject_QML_158: Binding loop detected for property "portrait"
file:///usr/lib64/kde4/imports/org/kde/plasma/components/TabButton.qml:111:5: QML QObject_QML_158: Binding loop detected for property "portrait"
file:///usr/lib64/kde4/imports/org/kde/plasma/components/TabButton.qml:111:5: QML QObject_QML_158: Binding loop detected for property "portrait"
file:///usr/lib64/kde4/imports/org/kde/plasma/components/TabBar.qml:150:5: QML Item: Possible anchor loop detected on fill.
file:///usr/lib64/kde4/imports/org/kde/plasma/components/TabBar.qml:150:5: QML Item: Possible anchor loop detected on fill.
plasma-desktop(5504)/plasma StatusNotifierItemSource::refreshCallback: DBusMenu disabled for this application 
plasma-desktop(5504)/plasma StatusNotifierItemSource::refreshCallback: DBusMenu disabled for this application 
plasma-desktop(5504)/plasma StatusNotifierItemSource::refreshCallback: DBusMenu disabled for this application 
plasma-desktop(5504)/plasma StatusNotifierItemSource::refreshCallback: DBusMenu disabled for this application 
plasma-desktop(5504)/plasma StatusNotifierItemSource::refreshCallback: DBusMenu disabled for this application 
plasma-desktop(5504)/plasma StatusNotifierItemSource::refreshCallback: DBusMenu disabled for this application 
plasma-desktop(5504)/plasma StatusNotifierItemSource::refreshCallback: DBusMenu disabled for this application 
plasma-desktop(5504)/plasma StatusNotifierItemSource::refreshCallback: DBusMenu disabled for this application 
plasma-desktop(5504)/plasma StatusNotifierItemSource::refreshCallback: DBusMenu disabled for this application 
plasma-desktop(5504)/plasma StatusNotifierItemSource::refreshCallback: DBusMenu disabled for this application 
plasma-desktop(5504)/plasma StatusNotifierItemSource::refreshCallback: DBusMenu disabled for this application 
I/O warning : failed to load external entity "/opt/cisco/anyconnect/CustomerExperienceFeedback/CustomerExperience_Feedback.xml"
I/O warning : failed to load external entity "/opt/cisco/anyconnect/CustomerExperienceFeedback/CustomerExperience_Feedback.xml"
I/O warning : failed to load external entity "/opt/cisco/anyconnect/CustomerExperienceFeedback/CustomerExperience_Feedback.xml"
drbg_instantiate failed
drbg_instantiate failed
kded(5450)/Network Management (NetworkManager backend) ConnectionDbus::fromDbusMap: Setting  "802-1x" not initialized 
kded(5450)/Network Management (NetworkManager backend) ConnectionDbus::fromDbusMap: Setting  "802-3-ethernet" not initialized 
plasmapackage:/ui/NotificationDelegate/NotificationDelegate.qml:209:21: QML TextEdit: Possible anchor loop detected on fill.
plasmapackage:/ui/NotificationDelegate/NotificationDelegate.qml:163:13: QML Item: Binding loop detected for property "height"
plasmapackage:/ui/NotificationDelegate/NotificationDelegate.qml:163:13: QML Item: Binding loop detected for property "height"
file:///usr/lib64/kde4/imports/org/kde/plasma/components/TabButton.qml:111:5: QML QObject_QML_158: Binding loop detected for property "portrait"
file:///usr/share/kde4/apps/plasma/plasmoids/org.kde.notifications/contents/ui/Notifications.qml:216:17: QML TabButton: Binding loop detected for property "implicitHeight"
file:///usr/lib64/kde4/imports/org/kde/plasma/components/TabButton.qml:111:5: QML QObject_QML_158: Binding loop detected for property "portrait"
file:///usr/lib64/kde4/imports/org/kde/plasma/components/TabButton.qml:111:5: QML QObject_QML_158: Binding loop detected for property "portrait"
file:///usr/lib64/kde4/imports/org/kde/plasma/components/TabButton.qml:111:5: QML QObject_QML_158: Binding loop detected for property "portrait"
file:///usr/lib64/kde4/imports/org/kde/plasma/components/TabBar.qml:150:5: QML Item: Possible anchor loop detected on fill.
file:///usr/lib64/kde4/imports/org/kde/plasma/components/TabBar.qml:150:5: QML Item: Possible anchor loop detected on fill.
file:///usr/lib64/kde4/imports/org/kde/plasma/components/TabBar.qml:150:5: QML Item: Possible anchor loop detected on fill.
file:///usr/lib64/kde4/imports/org/kde/plasma/components/TabBar.qml:161:9: QML QDeclarativeItem_QML_155: Binding loop detected for property "width"
file:///usr/lib64/kde4/imports/org/kde/plasma/components/TabBar.qml:150:5: QML Item: Possible anchor loop detected on fill.
file:///usr/lib64/kde4/imports/org/kde/plasma/components/TabBar.qml:161:9: QML QDeclarativeItem_QML_155: Binding loop detected for property "width"
drbg_instantiate failed
drbg_instantiate failed
drbg_instantiate failed
drbg_instantiate failed
drbg_instantiate failed
drbg_instantiate failed
drbg_instantiate failed
drbg_instantiate failed
drbg_instantiate failed
drbg_instantiate failed
plasma-desktop(5504)/plasma StatusNotifierItemSource::refreshCallback: DBusMenu disabled for this application 
drbg_instantiate failed
drbg_instantiate failed
plasma-desktop(5504)/plasma StatusNotifierItemSource::refreshCallback: DBusMenu disabled for this application 
drbg_instantiate failed
drbg_instantiate failed
drbg_instantiate failed
drbg_instantiate failed
drbg_instantiate failed
drbg_instantiate failed
drbg_instantiate failed
drbg_instantiate failed
drbg_instantiate failed
drbg_instantiate failed
plasma-desktop(5504)/plasma StatusNotifierItemSource::refreshCallback: DBusMenu disabled for this application 
drbg_instantiate failed
drbg_instantiate failed
drbg_instantiate failed
drbg_instantiate failed
plasma-desktop(5504)/plasma StatusNotifierItemSource::refreshCallback: DBusMenu disabled for this application 
drbg_instantiate failed
drbg_instantiate failed
plasma-desktop(5504)/plasma StatusNotifierItemSource::refreshCallback: DBusMenu disabled for this application 
plasma-desktop(5504)/plasma StatusNotifierItemSource::refreshCallback: DBusMenu disabled for this application 
drbg_instantiate failed
drbg_instantiate failed
drbg_instantiate failed
drbg_instantiate failed
drbg_instantiate failed
drbg_instantiate failed
drbg_instantiate failed
drbg_instantiate failed
drbg_instantiate failed
drbg_instantiate failed
drbg_instantiate failed
drbg_instantiate failed
drbg_instantiate failed
drbg_instantiate failed
drbg_instantiate failed
drbg_instantiate failed
drbg_instantiate failed
drbg_instantiate failed
drbg_instantiate failed
drbg_instantiate failed
drbg_instantiate failed
drbg_instantiate failed
drbg_instantiate failed
drbg_instantiate failed
drbg_instantiate failed
drbg_instantiate failed
drbg_instantiate failed
drbg_instantiate failed
drbg_instantiate failed
drbg_instantiate failed
drbg_instantiate failed
drbg_instantiate failed
plasma-desktop(5504)/plasma StatusNotifierItemSource::refreshCallback: DBusMenu disabled for this application 
drbg_instantiate failed
drbg_instantiate failed
drbg_instantiate failed
drbg_instantiate failed
drbg_instantiate failed
drbg_instantiate failed
drbg_instantiate failed
drbg_instantiate failed
drbg_instantiate failed
drbg_instantiate failed
drbg_instantiate failed
drbg_instantiate failed
drbg_instantiate failed
drbg_instantiate failed
drbg_instantiate failed
drbg_instantiate failed
drbg_instantiate failed
drbg_instantiate failed
drbg_instantiate failed
drbg_instantiate failed
drbg_instantiate failed
drbg_instantiate failed
drbg_instantiate failed
drbg_instantiate failed
drbg_instantiate failed
drbg_instantiate failed
plasma-desktop(5504)/plasma StatusNotifierItemSource::refreshCallback: DBusMenu disabled for this application 
drbg_instantiate failed
drbg_instantiate failed
drbg_instantiate failed
drbg_instantiate failed
drbg_instantiate failed
drbg_instantiate failed
drbg_instantiate failed
drbg_instantiate failed
plasma-desktop(5504)/plasma StatusNotifierItemSource::refreshCallback: DBusMenu disabled for this application 
plasma-desktop(5504)/plasma StatusNotifierItemSource::refreshCallback: DBusMenu disabled for this application 
drbg_instantiate failed
drbg_instantiate failed
drbg_instantiate failed
drbg_instantiate failed
drbg_instantiate failed
drbg_instantiate failed
drbg_instantiate failed
drbg_instantiate failed
drbg_instantiate failed
drbg_instantiate failed
drbg_instantiate failed
drbg_instantiate failed
drbg_instantiate failed
drbg_instantiate failed
drbg_instantiate failed
drbg_instantiate failed
drbg_instantiate failed
drbg_instantiate failed
drbg_instantiate failed
drbg_instantiate failed
drbg_instantiate failed
drbg_instantiate failed
drbg_instantiate failed
drbg_instantiate failed
plasma-desktop(5504)/plasma StatusNotifierItemSource::refreshCallback: DBusMenu disabled for this application 
drbg_instantiate failed
drbg_instantiate failed
drbg_instantiate failed
drbg_instantiate failed
drbg_instantiate failed
drbg_instantiate failed
drbg_instantiate failed
drbg_instantiate failed
drbg_instantiate failed
drbg_instantiate failed
drbg_instantiate failed
drbg_instantiate failed
drbg_instantiate failed
drbg_instantiate failed
drbg_instantiate failed
drbg_instantiate failed
drbg_instantiate failed
drbg_instantiate failed
drbg_instantiate failed
drbg_instantiate failed
drbg_instantiate failed
drbg_instantiate failed
drbg_instantiate failed
drbg_instantiate failed
drbg_instantiate failed
drbg_instantiate failed
drbg_instantiate failed
drbg_instantiate failed
drbg_instantiate failed
drbg_instantiate failed
drbg_instantiate failed
drbg_instantiate failed
drbg_instantiate failed
drbg_instantiate failed
drbg_instantiate failed
drbg_instantiate failed
drbg_instantiate failed
drbg_instantiate failed
drbg_instantiate failed
drbg_instantiate failed
drbg_instantiate failed
drbg_instantiate failed
drbg_instantiate failed
drbg_instantiate failed
drbg_instantiate failed
drbg_instantiate failed
drbg_instantiate failed
drbg_instantiate failed
drbg_instantiate failed
drbg_instantiate failed
drbg_instantiate failed
drbg_instantiate failed
drbg_instantiate failed
drbg_instantiate failed
drbg_instantiate failed
drbg_instantiate failed
drbg_instantiate failed
drbg_instantiate failed
drbg_instantiate failed
drbg_instantiate failed
drbg_instantiate failed
drbg_instantiate failed
drbg_instantiate failed
drbg_instantiate failed
drbg_instantiate failed
drbg_instantiate failed
drbg_instantiate failed
drbg_instantiate failed
drbg_instantiate failed
drbg_instantiate failed
drbg_instantiate failed
drbg_instantiate failed
drbg_instantiate failed
drbg_instantiate failed
drbg_instantiate failed
drbg_instantiate failed
drbg_instantiate failed
drbg_instantiate failed
drbg_instantiate failed
drbg_instantiate failed
drbg_instantiate failed
drbg_instantiate failed
drbg_instantiate failed
drbg_instantiate failed
drbg_instantiate failed
drbg_instantiate failed
drbg_instantiate failed
drbg_instantiate failed
drbg_instantiate failed
drbg_instantiate failed
drbg_instantiate failed
drbg_instantiate failed
drbg_instantiate failed
drbg_instantiate failed
drbg_instantiate failed
drbg_instantiate failed
drbg_instantiate failed
drbg_instantiate failed
drbg_instantiate failed
drbg_instantiate failed
drbg_instantiate failed
drbg_instantiate failed
drbg_instantiate failed
drbg_instantiate failed
drbg_instantiate failed
drbg_instantiate failed
drbg_instantiate failed
drbg_instantiate failed
drbg_instantiate failed
drbg_instantiate failed
drbg_instantiate failed
drbg_instantiate failed
drbg_instantiate failed
drbg_instantiate failed
drbg_instantiate failed
drbg_instantiate failed
drbg_instantiate failed
drbg_instantiate failed
drbg_instantiate failed
drbg_instantiate failed
drbg_instantiate failed
drbg_instantiate failed
drbg_instantiate failed
drbg_instantiate failed
drbg_instantiate failed
drbg_instantiate failed
drbg_instantiate failed
drbg_instantiate failed
drbg_instantiate failed
drbg_instantiate failed
drbg_instantiate failed
drbg_instantiate failed
drbg_instantiate failed
drbg_instantiate failed
drbg_instantiate failed
drbg_instantiate failed
drbg_instantiate failed
drbg_instantiate failed
drbg_instantiate failed
drbg_instantiate failed
drbg_instantiate failed
drbg_instantiate failed
drbg_instantiate failed
drbg_instantiate failed
drbg_instantiate failed
drbg_instantiate failed
drbg_instantiate failed
drbg_instantiate failed
drbg_instantiate failed
drbg_instantiate failed
drbg_instantiate failed
drbg_instantiate failed
drbg_instantiate failed
drbg_instantiate failed
drbg_instantiate failed
drbg_instantiate failed
drbg_instantiate failed
drbg_instantiate failed
drbg_instantiate failed
drbg_instantiate failed
drbg_instantiate failed
drbg_instantiate failed
drbg_instantiate failed
drbg_instantiate failed
drbg_instantiate failed
drbg_instantiate failed
drbg_instantiate failed
drbg_instantiate failed
drbg_instantiate failed
drbg_instantiate failed
drbg_instantiate failed
drbg_instantiate failed
drbg_instantiate failed
drbg_instantiate failed
drbg_instantiate failed
drbg_instantiate failed
drbg_instantiate failed
drbg_instantiate failed
drbg_instantiate failed
drbg_instantiate failed
drbg_instantiate failed
drbg_instantiate failed
drbg_instantiate failed
drbg_instantiate failed
drbg_instantiate failed
drbg_instantiate failed
drbg_instantiate failed
drbg_instantiate failed
drbg_instantiate failed
drbg_instantiate failed
drbg_instantiate failed
drbg_instantiate failed
drbg_instantiate failed
drbg_instantiate failed
drbg_instantiate failed
drbg_instantiate failed
drbg_instantiate failed
drbg_instantiate failed
drbg_instantiate failed
drbg_instantiate failed
drbg_instantiate failed
drbg_instantiate failed
drbg_instantiate failed
drbg_instantiate failed
drbg_instantiate failed
drbg_instantiate failed
drbg_instantiate failed
drbg_instantiate failed
drbg_instantiate failed
drbg_instantiate failed
drbg_instantiate failed
drbg_instantiate failed
drbg_instantiate failed
drbg_instantiate failed
drbg_instantiate failed
drbg_instantiate failed
drbg_instantiate failed
drbg_instantiate failed
drbg_instantiate failed
drbg_instantiate failed
drbg_instantiate failed
drbg_instantiate failed
drbg_instantiate failed
drbg_instantiate failed
drbg_instantiate failed
drbg_instantiate failed
drbg_instantiate failed
drbg_instantiate failed
drbg_instantiate failed
drbg_instantiate failed
drbg_instantiate failed
drbg_instantiate failed
drbg_instantiate failed
drbg_instantiate failed
drbg_instantiate failed
drbg_instantiate failed
drbg_instantiate failed
drbg_instantiate failed
drbg_instantiate failed
drbg_instantiate failed
drbg_instantiate failed
drbg_instantiate failed
drbg_instantiate failed
drbg_instantiate failed
drbg_instantiate failed
drbg_instantiate failed
drbg_instantiate failed
drbg_instantiate failed
drbg_instantiate failed
drbg_instantiate failed
drbg_instantiate failed
drbg_instantiate failed
drbg_instantiate failed
drbg_instantiate failed
drbg_instantiate failed
drbg_instantiate failed
drbg_instantiate failed
drbg_instantiate failed
drbg_instantiate failed
drbg_instantiate failed
drbg_instantiate failed
drbg_instantiate failed
drbg_instantiate failed
drbg_instantiate failed
drbg_instantiate failed
drbg_instantiate failed
drbg_instantiate failed
drbg_instantiate failed
drbg_instantiate failed
drbg_instantiate failed
drbg_instantiate failed
drbg_instantiate failed
drbg_instantiate failed
drbg_instantiate failed
drbg_instantiate failed
drbg_instantiate failed
drbg_instantiate failed
drbg_instantiate failed
drbg_instantiate failed
drbg_instantiate failed
drbg_instantiate failed
drbg_instantiate failed
drbg_instantiate failed
drbg_instantiate failed
drbg_instantiate failed
drbg_instantiate failed
drbg_instantiate failed
drbg_instantiate failed
drbg_instantiate failed
drbg_instantiate failed
drbg_instantiate failed
drbg_instantiate failed
drbg_instantiate failed
drbg_instantiate failed
drbg_instantiate failed
drbg_instantiate failed
drbg_instantiate failed
drbg_instantiate failed
drbg_instantiate failed
drbg_instantiate failed
drbg_instantiate failed
drbg_instantiate failed
drbg_instantiate failed
drbg_instantiate failed
drbg_instantiate failed
drbg_instantiate failed
drbg_instantiate failed
drbg_instantiate failed
drbg_instantiate failed
drbg_instantiate failed
drbg_instantiate failed
drbg_instantiate failed
drbg_instantiate failed
drbg_instantiate failed
drbg_instantiate failed
drbg_instantiate failed
drbg_instantiate failed
drbg_instantiate failed
drbg_instantiate failed
drbg_instantiate failed
drbg_instantiate failed
drbg_instantiate failed
drbg_instantiate failed
drbg_instantiate failed
drbg_instantiate failed
drbg_instantiate failed
drbg_instantiate failed
drbg_instantiate failed
drbg_instantiate failed
drbg_instantiate failed
drbg_instantiate failed
drbg_instantiate failed
drbg_instantiate failed
drbg_instantiate failed
drbg_instantiate failed
drbg_instantiate failed
drbg_instantiate failed
drbg_instantiate failed
drbg_instantiate failed
drbg_instantiate failed
drbg_instantiate failed
drbg_instantiate failed
drbg_instantiate failed
drbg_instantiate failed
drbg_instantiate failed
drbg_instantiate failed
drbg_instantiate failed
drbg_instantiate failed
drbg_instantiate failed
drbg_instantiate failed
drbg_instantiate failed
drbg_instantiate failed
drbg_instantiate failed
drbg_instantiate failed
drbg_instantiate failed
drbg_instantiate failed
drbg_instantiate failed
drbg_instantiate failed
drbg_instantiate failed
drbg_instantiate failed
drbg_instantiate failed
drbg_instantiate failed
drbg_instantiate failed
drbg_instantiate failed
drbg_instantiate failed
drbg_instantiate failed
drbg_instantiate failed
drbg_instantiate failed
drbg_instantiate failed
drbg_instantiate failed
drbg_instantiate failed
drbg_instantiate failed
drbg_instantiate failed
drbg_instantiate failed
drbg_instantiate failed
drbg_instantiate failed
drbg_instantiate failed
drbg_instantiate failed
drbg_instantiate failed
drbg_instantiate failed
drbg_instantiate failed
drbg_instantiate failed
drbg_instantiate failed
drbg_instantiate failed
drbg_instantiate failed
drbg_instantiate failed
drbg_instantiate failed
drbg_instantiate failed
drbg_instantiate failed
drbg_instantiate failed
drbg_instantiate failed
drbg_instantiate failed
drbg_instantiate failed
drbg_instantiate failed
plasma-desktop(5504)/plasma StatusNotifierItemSource::refreshCallback: DBusMenu disabled for this application 
plasma-desktop(5504)/plasma StatusNotifierItemSource::refreshCallback: DBusMenu disabled for this application 
plasma-desktop(5504)/plasma StatusNotifierItemSource::refreshCallback: DBusMenu disabled for this application 
drbg_instantiate failed
drbg_instantiate failed
drbg_instantiate failed
drbg_instantiate failed
plasma-desktop(5504)/plasma StatusNotifierItemSource::refreshCallback: DBusMenu disabled for this application 
plasma-desktop(5504)/plasma StatusNotifierItemSource::refreshCallback: DBusMenu disabled for this application 
plasma-desktop(5504)/plasma StatusNotifierItemSource::refreshCallback: DBusMenu disabled for this application 
plasma-desktop(5504)/plasma StatusNotifierItemSource::refreshCallback: DBusMenu disabled for this application 
drbg_instantiate failed
drbg_instantiate failed
plasma-desktop(5504)/plasma StatusNotifierItemSource::refreshCallback: DBusMenu disabled for this application 
drbg_instantiate failed
drbg_instantiate failed
plasma-desktop(5504)/plasma StatusNotifierItemSource::refreshCallback: DBusMenu disabled for this application 
drbg_instantiate failed
drbg_instantiate failed
drbg_instantiate failed
drbg_instantiate failed
plasma-desktop(5504)/plasma StatusNotifierItemSource::refreshCallback: DBusMenu disabled for this application 
file:///usr/lib64/kde4/imports/org/kde/plasma/components/TabBar.qml:161:9: QML QDeclarativeItem_QML_155: Binding loop detected for property "width"
file:///usr/lib64/kde4/imports/org/kde/plasma/components/TabBar.qml:150:5: QML Item: Possible anchor loop detected on fill.
file:///usr/lib64/kde4/imports/org/kde/plasma/components/TabBar.qml:161:9: QML QDeclarativeItem_QML_155: Binding loop detected for property "width"
file:///usr/lib64/kde4/imports/org/kde/plasma/components/TabBar.qml:150:5: QML Item: Possible anchor loop detected on fill.
file:///usr/lib64/kde4/imports/org/kde/plasma/extras/ScrollArea.qml:96: TypeError: Result of expression 'verticalScrollBar' [null] is not an object.
file:///usr/lib64/kde4/imports/org/kde/plasma/extras/ScrollArea.qml:96: TypeError: Result of expression 'verticalScrollBar' [null] is not an object.
file:///usr/share/kde4/apps/plasma/plasmoids/org.kde.notifications/contents/ui/Notifications.qml:203:5: QML ListItem: Binding loop detected for property "height"
file:///usr/share/kde4/apps/plasma/plasmoids/org.kde.notifications/contents/ui/Notifications.qml:205:9: QML TabBar: Binding loop detected for property "width"
file:///usr/share/kde4/apps/plasma/plasmoids/org.kde.notifications/contents/ui/Notifications.qml:205:9: QML TabBar: Binding loop detected for property "width"
file:///usr/share/kde4/apps/plasma/plasmoids/org.kde.notifications/contents/ui/main.qml:139:9: QML Flickable: Possible anchor loop detected on fill.
file:///usr/share/kde4/apps/plasma/plasmoids/org.kde.notifications/contents/ui/main.qml:139:9: QML Flickable: Possible anchor loop detected on fill.
file:///usr/share/kde4/apps/plasma/plasmoids/org.kde.notifications/contents/ui/Notifications.qml:203:5: QML ListItem: Binding loop detected for property "height"
file:///usr/share/kde4/apps/plasma/plasmoids/org.kde.notifications/contents/ui/Notifications.qml:205:9: QML TabBar: Binding loop detected for property "width"
file:///usr/share/kde4/apps/plasma/plasmoids/org.kde.notifications/contents/ui/Notifications.qml:205:9: QML TabBar: Binding loop detected for property "width"
file:///usr/share/kde4/apps/plasma/plasmoids/org.kde.notifications/contents/ui/main.qml:139:9: QML Flickable: Possible anchor loop detected on fill.
file:///usr/share/kde4/apps/plasma/plasmoids/org.kde.notifications/contents/ui/main.qml:139:9: QML Flickable: Possible anchor loop detected on fill.
file:///usr/share/kde4/apps/plasma/plasmoids/org.kde.notifications/contents/ui/main.qml:139:9: QML Flickable: Possible anchor loop detected on fill.
file:///usr/share/kde4/apps/plasma/plasmoids/org.kde.notifications/contents/ui/main.qml:139:9: QML Flickable: Possible anchor loop detected on fill.
plasma-desktop(5504)/plasma StatusNotifierItemSource::refreshCallback: DBusMenu disabled for this application 
drbg_instantiate failed
drbg_instantiate failed
plasma-desktop(5504)/plasma StatusNotifierItemSource::refreshCallback: DBusMenu disabled for this application 
drbg_instantiate failed
drbg_instantiate failed
drbg_instantiate failed
drbg_instantiate failed
drbg_instantiate failed
drbg_instantiate failed
plasma-desktop(5504)/plasma StatusNotifierItemSource::refreshCallback: DBusMenu disabled for this application 
drbg_instantiate failed
drbg_instantiate failed
drbg_instantiate failed
drbg_instantiate failed
drbg_instantiate failed
drbg_instantiate failed
drbg_instantiate failed
drbg_instantiate failed
drbg_instantiate failed
drbg_instantiate failed
drbg_instantiate failed
drbg_instantiate failed
drbg_instantiate failed
drbg_instantiate failed
drbg_instantiate failed
drbg_instantiate failed
drbg_instantiate failed
drbg_instantiate failed
drbg_instantiate failed
drbg_instantiate failed
drbg_instantiate failed
drbg_instantiate failed
drbg_instantiate failed
drbg_instantiate failed
drbg_instantiate failed
drbg_instantiate failed
drbg_instantiate failed
drbg_instantiate failed
drbg_instantiate failed
drbg_instantiate failed
drbg_instantiate failed
drbg_instantiate failed
drbg_instantiate failed
drbg_instantiate failed
drbg_instantiate failed
drbg_instantiate failed
drbg_instantiate failed
drbg_instantiate failed
drbg_instantiate failed
drbg_instantiate failed
drbg_instantiate failed
drbg_instantiate failed
drbg_instantiate failed
drbg_instantiate failed
drbg_instantiate failed
drbg_instantiate failed
drbg_instantiate failed
drbg_instantiate failed
drbg_instantiate failed
drbg_instantiate failed
drbg_instantiate failed
drbg_instantiate failed
drbg_instantiate failed
drbg_instantiate failed
drbg_instantiate failed
drbg_instantiate failed
drbg_instantiate failed
drbg_instantiate failed
drbg_instantiate failed
drbg_instantiate failed
drbg_instantiate failed
drbg_instantiate failed
drbg_instantiate failed
drbg_instantiate failed
drbg_instantiate failed
drbg_instantiate failed
drbg_instantiate failed
drbg_instantiate failed
drbg_instantiate failed
drbg_instantiate failed
drbg_instantiate failed
drbg_instantiate failed
drbg_instantiate failed
drbg_instantiate failed
drbg_instantiate failed
drbg_instantiate failed
drbg_instantiate failed
drbg_instantiate failed
drbg_instantiate failed
drbg_instantiate failed
drbg_instantiate failed
drbg_instantiate failed
drbg_instantiate failed
drbg_instantiate failed
drbg_instantiate failed
drbg_instantiate failed
drbg_instantiate failed
drbg_instantiate failed
drbg_instantiate failed
drbg_instantiate failed
drbg_instantiate failed
drbg_instantiate failed
drbg_instantiate failed
drbg_instantiate failed
drbg_instantiate failed
drbg_instantiate failed
drbg_instantiate failed
drbg_instantiate failed
drbg_instantiate failed
drbg_instantiate failed
drbg_instantiate failed
drbg_instantiate failed
drbg_instantiate failed
drbg_instantiate failed
drbg_instantiate failed
drbg_instantiate failed
drbg_instantiate failed
drbg_instantiate failed
drbg_instantiate failed
drbg_instantiate failed
drbg_instantiate failed
drbg_instantiate failed
plasma-desktop(5504)/plasma StatusNotifierItemSource::refreshCallback: DBusMenu disabled for this application 
drbg_instantiate failed
drbg_instantiate failed
drbg_instantiate failed
drbg_instantiate failed
X Error: BadWindow (invalid Window parameter) 3
  Major opcode: 20 (X_GetProperty)
  Resource id:  0x4000085
drbg_instantiate failed
drbg_instantiate failed
drbg_instantiate failed
drbg_instantiate failed
drbg_instantiate failed
drbg_instantiate failed
X Error: BadWindow (invalid Window parameter) 3
  Major opcode: 20 (X_GetProperty)
  Resource id:  0x400001b
drbg_instantiate failed
drbg_instantiate failed
drbg_instantiate failed
drbg_instantiate failed
drbg_instantiate failed
drbg_instantiate failed
drbg_instantiate failed
drbg_instantiate failed
drbg_instantiate failed
drbg_instantiate failed
drbg_instantiate failed
drbg_instantiate failed
drbg_instantiate failed
drbg_instantiate failed
drbg_instantiate failed
drbg_instantiate failed
drbg_instantiate failed
drbg_instantiate failed
drbg_instantiate failed
drbg_instantiate failed
drbg_instantiate failed
drbg_instantiate failed
drbg_instantiate failed
drbg_instantiate failed
drbg_instantiate failed
drbg_instantiate failed
drbg_instantiate failed
drbg_instantiate failed
drbg_instantiate failed
drbg_instantiate failed
drbg_instantiate failed
drbg_instantiate failed
drbg_instantiate failed
drbg_instantiate failed
drbg_instantiate failed
drbg_instantiate failed
drbg_instantiate failed
drbg_instantiate failed
drbg_instantiate failed
drbg_instantiate failed
drbg_instantiate failed
drbg_instantiate failed
drbg_instantiate failed
drbg_instantiate failed
drbg_instantiate failed
drbg_instantiate failed
drbg_instantiate failed
drbg_instantiate failed
drbg_instantiate failed
drbg_instantiate failed
drbg_instantiate failed
drbg_instantiate failed
drbg_instantiate failed
drbg_instantiate failed
drbg_instantiate failed
drbg_instantiate failed
plasmapackage:/ui/NotificationDelegate/NotificationDelegate.qml:209:21: QML TextEdit: Possible anchor loop detected on fill.
plasmapackage:/ui/NotificationDelegate/NotificationDelegate.qml:163:13: QML Item: Binding loop detected for property "height"
plasmapackage:/ui/NotificationDelegate/NotificationDelegate.qml:163:13: QML Item: Binding loop detected for property "height"
file:///usr/lib64/kde4/imports/org/kde/plasma/components/TabButton.qml:111:5: QML QObject_QML_158: Binding loop detected for property "portrait"
file:///usr/share/kde4/apps/plasma/plasmoids/org.kde.notifications/contents/ui/Notifications.qml:216:17: QML TabButton: Binding loop detected for property "implicitHeight"
file:///usr/lib64/kde4/imports/org/kde/plasma/components/TabButton.qml:111:5: QML QObject_QML_158: Binding loop detected for property "portrait"
file:///usr/lib64/kde4/imports/org/kde/plasma/components/TabButton.qml:111:5: QML QObject_QML_158: Binding loop detected for property "portrait"
file:///usr/lib64/kde4/imports/org/kde/plasma/components/TabButton.qml:111:5: QML QObject_QML_158: Binding loop detected for property "portrait"
file:///usr/lib64/kde4/imports/org/kde/plasma/components/TabBar.qml:150:5: QML Item: Possible anchor loop detected on fill.
file:///usr/lib64/kde4/imports/org/kde/plasma/components/TabBar.qml:150:5: QML Item: Possible anchor loop detected on fill.
kded(5450)/Network Management (NetworkManager backend) ConnectionDbus::fromDbusMap: Setting  "802-1x" not initialized 
kded(5450)/Network Management (NetworkManager backend) ConnectionDbus::fromDbusMap: Setting  "802-3-ethernet" not initialized 
kded(5450)/Network Management (NetworkManager backend) ConnectionDbus::fromDbusMap: Setting  "802-1x" not initialized 
kded(5450)/Network Management (NetworkManager backend) ConnectionDbus::fromDbusMap: Setting  "802-3-ethernet" not initialized 
kded(5450)/Network Management (NetworkManager backend) ConnectionDbus::fromDbusMap: Setting  "802-1x" not initialized 
kded(5450)/Network Management (NetworkManager backend) ConnectionDbus::fromDbusMap: Setting  "802-3-ethernet" not initialized 
kded(5450)/Network Management (NetworkManager backend) ConnectionDbus::fromDbusMap: Setting  "802-1x" not initialized 
kded(5450)/Network Management (NetworkManager backend) ConnectionDbus::fromDbusMap: Setting  "802-3-ethernet" not initialized 
kded(5450)/Network Management (NetworkManager backend) ConnectionDbus::fromDbusMap: Setting  "802-1x" not initialized 
kded(5450)/Network Management (NetworkManager backend) ConnectionDbus::fromDbusMap: Setting  "802-3-ethernet" not initialized 
kded(5450)/Network Management (NetworkManager backend) ConnectionDbus::fromDbusMap: Setting  "802-1x" not initialized 
kded(5450)/Network Management (NetworkManager backend) ConnectionDbus::fromDbusMap: Setting  "802-3-ethernet" not initialized 
kded(5450)/Network Management (NetworkManager backend) ConnectionDbus::fromDbusMap: Setting  "802-1x" not initialized 
kded(5450)/Network Management (NetworkManager backend) ConnectionDbus::fromDbusMap: Setting  "802-3-ethernet" not initialized 
kded(5450)/Network Management (NetworkManager backend) ConnectionDbus::fromDbusMap: Setting  "802-1x" not initialized 
kded(5450)/Network Management (NetworkManager backend) ConnectionDbus::fromDbusMap: Setting  "802-3-ethernet" not initialized 
kded(5450)/Network Management (NetworkManager backend) ConnectionDbus::fromDbusMap: Setting  "802-1x" not initialized 
kded(5450)/Network Management (NetworkManager backend) ConnectionDbus::fromDbusMap: Setting  "802-3-ethernet" not initialized 
drbg_instantiate failed
drbg_instantiate failed
kded(5450)/Network Management (NetworkManager backend) ConnectionDbus::fromDbusMap: Setting  "802-1x" not initialized 
kded(5450)/Network Management (NetworkManager backend) ConnectionDbus::fromDbusMap: Setting  "802-3-ethernet" not initialized 
kded(5450)/Network Management (NetworkManager backend) ConnectionDbus::fromDbusMap: Setting  "802-1x" not initialized 
kded(5450)/Network Management (NetworkManager backend) ConnectionDbus::fromDbusMap: Setting  "802-3-ethernet" not initialized 
kded(5450)/Network Management (NetworkManager backend) ConnectionDbus::fromDbusMap: Setting  "802-1x" not initialized 
kded(5450)/Network Management (NetworkManager backend) ConnectionDbus::fromDbusMap: Setting  "802-3-ethernet" not initialized 
kded(5450)/Network Management (NetworkManager backend) ConnectionDbus::fromDbusMap: Setting  "802-1x" not initialized 
kded(5450)/Network Management (NetworkManager backend) ConnectionDbus::fromDbusMap: Setting  "802-3-ethernet" not initialized 
plasmapackage:/ui/NotificationDelegate/NotificationDelegate.qml:209:21: QML TextEdit: Possible anchor loop detected on fill.
plasmapackage:/ui/NotificationDelegate/NotificationDelegate.qml:163:13: QML Item: Binding loop detected for property "height"
plasmapackage:/ui/NotificationDelegate/NotificationDelegate.qml:163:13: QML Item: Binding loop detected for property "height"
drbg_instantiate failed
drbg_instantiate failed
drbg_instantiate failed
drbg_instantiate failed
drbg_instantiate failed
drbg_instantiate failed
drbg_instantiate failed
drbg_instantiate failed
drbg_instantiate failed
drbg_instantiate failed
drbg_instantiate failed
drbg_instantiate failed
drbg_instantiate failed
drbg_instantiate failed
drbg_instantiate failed
drbg_instantiate failed
drbg_instantiate failed
drbg_instantiate failed
drbg_instantiate failed
drbg_instantiate failed
drbg_instantiate failed
drbg_instantiate failed
drbg_instantiate failed
drbg_instantiate failed
drbg_instantiate failed
drbg_instantiate failed
drbg_instantiate failed
drbg_instantiate failed
drbg_instantiate failed
drbg_instantiate failed
drbg_instantiate failed
drbg_instantiate failed
drbg_instantiate failed
drbg_instantiate failed
drbg_instantiate failed
drbg_instantiate failed
drbg_instantiate failed
drbg_instantiate failed
drbg_instantiate failed
drbg_instantiate failed
drbg_instantiate failed
drbg_instantiate failed
drbg_instantiate failed
drbg_instantiate failed
drbg_instantiate failed
drbg_instantiate failed
drbg_instantiate failed
drbg_instantiate failed
drbg_instantiate failed
drbg_instantiate failed
drbg_instantiate failed
drbg_instantiate failed
drbg_instantiate failed
drbg_instantiate failed
drbg_instantiate failed
drbg_instantiate failed
drbg_instantiate failed
drbg_instantiate failed
drbg_instantiate failed
drbg_instantiate failed
drbg_instantiate failed
drbg_instantiate failed
drbg_instantiate failed
drbg_instantiate failed
drbg_instantiate failed
drbg_instantiate failed
drbg_instantiate failed
drbg_instantiate failed
drbg_instantiate failed
drbg_instantiate failed
drbg_instantiate failed
drbg_instantiate failed
drbg_instantiate failed
drbg_instantiate failed
drbg_instantiate failed
drbg_instantiate failed
drbg_instantiate failed
drbg_instantiate failed
drbg_instantiate failed
drbg_instantiate failed
drbg_instantiate failed
drbg_instantiate failed
drbg_instantiate failed
drbg_instantiate failed
drbg_instantiate failed
drbg_instantiate failed
drbg_instantiate failed
drbg_instantiate failed
drbg_instantiate failed
drbg_instantiate failed
drbg_instantiate failed
drbg_instantiate failed
drbg_instantiate failed
drbg_instantiate failed
drbg_instantiate failed
drbg_instantiate failed
drbg_instantiate failed
drbg_instantiate failed
drbg_instantiate failed
drbg_instantiate failed
drbg_instantiate failed
drbg_instantiate failed
drbg_instantiate failed
drbg_instantiate failed
drbg_instantiate failed
drbg_instantiate failed
drbg_instantiate failed
drbg_instantiate failed
drbg_instantiate failed
drbg_instantiate failed
drbg_instantiate failed
drbg_instantiate failed
drbg_instantiate failed
drbg_instantiate failed
drbg_instantiate failed
drbg_instantiate failed
drbg_instantiate failed
drbg_instantiate failed
drbg_instantiate failed
drbg_instantiate failed
drbg_instantiate failed
drbg_instantiate failed
drbg_instantiate failed
drbg_instantiate failed
drbg_instantiate failed
drbg_instantiate failed
drbg_instantiate failed
drbg_instantiate failed
drbg_instantiate failed
drbg_instantiate failed
drbg_instantiate failed
drbg_instantiate failed
drbg_instantiate failed
drbg_instantiate failed
drbg_instantiate failed
drbg_instantiate failed
drbg_instantiate failed
drbg_instantiate failed
drbg_instantiate failed
drbg_instantiate failed
drbg_instantiate failed
drbg_instantiate failed
drbg_instantiate failed
drbg_instantiate failed
drbg_instantiate failed
drbg_instantiate failed
drbg_instantiate failed
drbg_instantiate failed
drbg_instantiate failed
drbg_instantiate failed
drbg_instantiate failed
drbg_instantiate failed
drbg_instantiate failed
drbg_instantiate failed
drbg_instantiate failed
drbg_instantiate failed
drbg_instantiate failed
drbg_instantiate failed
drbg_instantiate failed
drbg_instantiate failed
drbg_instantiate failed
drbg_instantiate failed
drbg_instantiate failed
drbg_instantiate failed
drbg_instantiate failed
drbg_instantiate failed
drbg_instantiate failed
drbg_instantiate failed
drbg_instantiate failed
drbg_instantiate failed
drbg_instantiate failed
drbg_instantiate failed
drbg_instantiate failed
drbg_instantiate failed
drbg_instantiate failed
drbg_instantiate failed
drbg_instantiate failed
drbg_instantiate failed
drbg_instantiate failed
drbg_instantiate failed
drbg_instantiate failed
drbg_instantiate failed
drbg_instantiate failed
drbg_instantiate failed
drbg_instantiate failed
drbg_instantiate failed
drbg_instantiate failed
drbg_instantiate failed
drbg_instantiate failed
drbg_instantiate failed
drbg_instantiate failed
drbg_instantiate failed
drbg_instantiate failed
drbg_instantiate failed
drbg_instantiate failed
drbg_instantiate failed
drbg_instantiate failed
drbg_instantiate failed
drbg_instantiate failed
drbg_instantiate failed
drbg_instantiate failed
drbg_instantiate failed
X Error: BadWindow (invalid Window parameter) 3
  Major opcode: 20 (X_GetProperty)
  Resource id:  0x40000cc
[Parent 5862, Gecko_IOThread] WARNING: pipe error (75): Connection reset by peer: file /builddir/build/BUILD/firefox-60.2.2/ipc/chromium/src/chrome/common/ipc_channel_posix.cc, line 353
kded(5450)/Network Management (NetworkManager backend) ConnectionDbus::fromDbusMap: Setting  "802-1x" not initialized 
kded(5450)/Network Management (NetworkManager backend) ConnectionDbus::fromDbusMap: Setting  "802-3-ethernet" not initialized 
kded(5450)/Network Management (NetworkManager backend) ConnectionDbus::fromDbusMap: Setting  "ipv4" not initialized 
kded(5450)/Network Management (NetworkManager backend) ConnectionDbus::fromDbusMap: Setting  "ipv6" not initialized 
kded(5450)/Network Management (NetworkManager backend) ConnectionDbus::fromDbusMap: Setting  "802-1x" not initialized 
kded(5450)/Network Management (NetworkManager backend) ConnectionDbus::fromDbusMap: Setting  "802-3-ethernet" not initialized 
kded(5450)/Network Management (NetworkManager backend) ConnectionDbus::fromDbusMap: Setting  "802-1x" not initialized 
kded(5450)/Network Management (NetworkManager backend) ConnectionDbus::fromDbusMap: Setting  "802-3-ethernet" not initialized 
QCoreApplication::postEvent: Unexpected null receiver
kded(5450) PowerDevil::Core::loadProfile: The profile  "AC" tried to activate "DimDisplay" a non existent action. This is usually due to an installation problem or to a configuration problem. or simlpy the action is not supported 
kded(5450) PowerDevil::Core::loadProfile: The profile  "AC" tried to activate "BrightnessControl" a non existent action. This is usually due to an installation problem or to a configuration problem. or simlpy the action is not supported 
plasma-desktop(5504)/plasma StatusNotifierItemSource::refreshCallback: DBusMenu disabled for this application 
plasma-desktop(5504)/plasma StatusNotifierItemSource::refreshCallback: DBusMenu disabled for this application 
plasma-desktop(5504)/plasma StatusNotifierItemSource::refreshCallback: DBusMenu disabled for this application 
plasma-desktop(5504)/plasma StatusNotifierItemSource::refreshCallback: DBusMenu disabled for this application 
plasma-desktop(5504)/plasma StatusNotifierItemSource::refreshCallback: DBusMenu disabled for this application 
plasma-desktop(5504)/plasma StatusNotifierItemSource::refreshCallback: DBusMenu disabled for this application 
QFileSystemWatcher: failed to add paths: /home/gosarkar/.kde/share/config/activitymanager-pluginsrc
kbuildsycoca4 running...
kbuildsycoca4(18795) parseLayoutNode: The menu spec file contains a Layout or DefaultLayout tag without the mandatory Merge tag inside. Please fix your file. 
kbuildsycoca4(18795) parseLayoutNode: The menu spec file contains a Layout or DefaultLayout tag without the mandatory Merge tag inside. Please fix your file. 
kbuildsycoca4(18795) KMimeTypeRepository::parents: "/usr/share/mime/subclasses"  refers to unknown mimetype  "application/vnd.ms-visio.template.macroEnabled.main+xml" 
kbuildsycoca4(18795) KMimeTypeRepository::parents: "/usr/share/mime/subclasses"  refers to unknown mimetype  "application/vnd.ms-excel.sheet.binary.macroEnabled.12" 
kbuildsycoca4(18795) KMimeTypeRepository::parents: "/usr/share/mime/subclasses"  refers to unknown mimetype  "application/vnd.ms-excel.addin.macroEnabled.12" 
kbuildsycoca4(18795) KMimeTypeRepository::parents: "/usr/share/mime/subclasses"  refers to unknown mimetype  "application/vnd.ms-visio.drawing.macroEnabled.main+xml" 
kbuildsycoca4(18795) KMimeTypeRepository::parents: "/usr/share/mime/subclasses"  refers to unknown mimetype  "application/vnd.ms-powerpoint.slideshow.macroEnabled.12" 
kbuildsycoca4(18795) KMimeTypeRepository::parents: "/usr/share/mime/subclasses"  refers to unknown mimetype  "application/vnd.ms-visio.stencil.macroEnabled.main+xml" 
kbuildsycoca4(18795) KMimeTypeRepository::parents: "/usr/share/mime/subclasses"  refers to unknown mimetype  "application/vnd.ms-excel.sheet.macroEnabled.12" 
kbuildsycoca4(18795) KMimeTypeRepository::parents: "/usr/share/mime/subclasses"  refers to unknown mimetype  "application/vnd.ms-powerpoint.presentation.macroEnabled.12" 
kbuildsycoca4(18795) KMimeTypeRepository::parents: "/usr/share/mime/subclasses"  refers to unknown mimetype  "application/vnd.ms-word.template.macroEnabled.12" 
kbuildsycoca4(18795) KMimeTypeRepository::parents: "/usr/share/mime/subclasses"  refers to unknown mimetype  "application/vnd.ms-excel.template.macroEnabled.12" 
kbuildsycoca4(18795) KMimeTypeRepository::parents: "/usr/share/mime/subclasses"  refers to unknown mimetype  "application/vnd.ms-powerpoint.template.macroEnabled.12" 
kbuildsycoca4(18795) KMimeTypeRepository::parents: "/usr/share/mime/subclasses"  refers to unknown mimetype  "application/vnd.ms-word.document.macroEnabled.12" 
kbuildsycoca4(18795) KMimeTypeRepository::parents: "/usr/share/mime/subclasses"  refers to unknown mimetype  "application/vnd.ms-powerpoint.slide.macroEnabled.12" 
file:///usr/share/kde4/apps/plasma/plasmoids/org.kde.notifications/contents/ui/main.qml:139:9: QML Flickable: Possible anchor loop detected on fill.
file:///usr/share/kde4/apps/plasma/plasmoids/org.kde.notifications/contents/ui/main.qml:139:9: QML Flickable: Possible anchor loop detected on fill.
file:///usr/share/kde4/apps/plasma/plasmoids/org.kde.notifications/contents/ui/main.qml:139:9: QML Flickable: Possible anchor loop detected on fill.
file:///usr/share/kde4/apps/plasma/plasmoids/org.kde.notifications/contents/ui/main.qml:139:9: QML Flickable: Possible anchor loop detected on fill.
