2019-12-06T18:46:04 Checking update-file '/usr/share/kde4/apps/kconf_update/kde-display-handler.upd' for new updates
2019-12-06T18:46:04 kde-display-handler.upd: Found new update '4.10kde-display-handler'
2019-12-06T18:46:04 kde-display-handler.upd: Running script 'kde-display-handler.sh'
2019-12-06T18:46:04 [Script] sh: /usr/share/kde4/apps/kconf_update/kde-display-handler.sh: Permission denied
2019-12-06T18:46:04 kde-display-handler.upd: !! An error occurred while running '/usr/share/kde4/apps/kconf_update/kde-display-handler.sh'
2019-12-06T18:46:04 Checking update-file '/usr/share/kde4/apps/kconf_update/kcookiescfg.upd' for new updates
2019-12-06T18:46:04 kcookiescfg.upd: Found new update 'kde2.2/b1'
2019-12-06T18:46:04 kcookiescfg.upd: File 'kcookiejarrc' does not exist or empty, skipping
2019-12-06T18:46:04 kcookiescfg.upd: Found new update 'kde3.1/cvs'
2019-12-06T18:46:04 kcookiescfg.upd: File 'kcookiejarrc' does not exist or empty, skipping
2019-12-06T18:46:04 kcookiescfg.upd: Found new update 'kde4.10/git'
2019-12-06T18:46:04 kcookiescfg.upd: File 'kcookiejarrc' does not exist or empty, skipping
2019-12-06T18:46:04 Checking update-file '/usr/share/kde4/apps/kconf_update/kded.upd' for new updates
2019-12-06T18:46:04 kded.upd: Found new update 'kde3.0'
2019-12-06T18:46:04 kded.upd: Skipping update 'kde3.0'
2019-12-06T18:46:04 kded.upd: File 'kdedrc' does not exist or empty, skipping
2019-12-06T18:46:04 Checking update-file '/usr/share/kde4/apps/kconf_update/kio_help.upd' for new updates
2019-12-06T18:46:04 kio_help.upd: Found new update 'kde3_2'
2019-12-06T18:46:04 kio_help.upd: Running script 'move_kio_help_cache.sh'
2019-12-06T18:46:04 [Script] mv: cannot stat ‘/home/gosarkar/.kde/share/apps/kio_help/cache’: No such file or directory
2019-12-06T18:46:04 [Script] rmdir: failed to remove ‘/home/gosarkar/.kde/share/apps/kio_help’: No such file or directory
2019-12-06T18:46:04 Checking update-file '/usr/share/kde4/apps/kconf_update/kioslave.upd' for new updates
2019-12-06T18:46:04 kioslave.upd: Found new update 'kde2.2/r1'
2019-12-06T18:46:04 kioslave.upd: Skipping update 'kde2.2/r1'
2019-12-06T18:46:04 kioslave.upd: Found new update 'kde2.2/r2'
2019-12-06T18:46:04 kioslave.upd: Skipping update 'kde2.2/r2'
2019-12-06T18:46:04 kioslave.upd: Found new update 'kde2.2/r3'
2019-12-06T18:46:04 kioslave.upd: Skipping update 'kde2.2/r3'
2019-12-06T18:46:04 Checking update-file '/usr/share/kde4/apps/kconf_update/ksslcertificatemanager.upd' for new updates
2019-12-06T18:46:04 ksslcertificatemanager.upd: Found new update 'kde4.2'
2019-12-06T18:46:04 ksslcertificatemanager.upd: Running script 'ksslcertificatemanager.upd.sh'
2019-12-06T18:46:04 [Script] rm: cannot remove ‘/home/gosarkar/.kde//share/config/ksslcertificatemanager’: No such file or directory
2019-12-06T18:46:04 ksslcertificatemanager.upd: !! An error occurred while running 'sh /usr/share/kde4/apps/kconf_update/ksslcertificatemanager.upd.sh'
2019-12-06T18:46:04 Checking update-file '/usr/share/kde4/apps/kconf_update/kwin_fsp_workarounds_1.upd' for new updates
2019-12-06T18:46:04 kwin_fsp_workarounds_1.upd: Found new update 'kde351'
2019-12-06T18:46:04 kwin_fsp_workarounds_1.upd: Running script 'kwin_update_default_rules' with arguments 'fsp_workarounds_1.kwinrules'
2019-12-06T18:46:04 Checking update-file '/usr/share/kde4/apps/kconf_update/kwin_remove_delay_focus.upd' for new updates
2019-12-06T18:46:04 kwin_remove_delay_focus.upd: Found new update 'Kwin-4.8'
2019-12-06T18:46:04 kwin_remove_delay_focus.upd: Running script 'kwin_remove_delay_focus.sh'
2019-12-06T18:46:04 Checking update-file '/usr/share/kde4/apps/kconf_update/kwin_remove_effects.upd' for new updates
2019-12-06T18:46:04 kwin_remove_effects.upd: Found new update 'kwin4.7_effects'
2019-12-06T18:46:04 Checking update-file '/usr/share/kde4/apps/kconf_update/kwin_translate_activity_rule.upd' for new updates
2019-12-06T18:46:04 kwin_translate_activity_rule.upd: Found new update 'Kwin-4.10'
2019-12-06T18:46:04 kwin_translate_activity_rule.upd: Running script 'kwin_translate_activity_rule.sh'
2019-12-06T18:46:04 Checking update-file '/usr/share/kde4/apps/kconf_update/kwin_translate_confrequest_rule.upd' for new updates
2019-12-06T18:46:04 kwin_translate_confrequest_rule.upd: Found new update 'Kwin-4.11'
2019-12-06T18:46:04 kwin_translate_confrequest_rule.upd: Running script 'kwin_translate_confrequest_rule.sh'
2019-12-06T18:46:04 Checking update-file '/usr/share/kde4/apps/kconf_update/kwin_update_410.upd' for new updates
2019-12-06T18:46:04 kwin_update_410.upd: Found new update 'Kwin-4.10_1'
2019-12-06T18:46:04 kwin_update_410.upd: Running script 'kwin_update_settings_410'
2019-12-06T18:46:04 Checking update-file '/usr/share/kde4/apps/kconf_update/kwin_update_411.upd' for new updates
2019-12-06T18:46:04 kwin_update_411.upd: Found new update 'Kwin-4.11_0'
2019-12-06T18:46:04 kwin_update_411.upd: Running script 'kwin_update_settings_411'
2019-12-06T18:46:04 Checking update-file '/usr/share/kde4/apps/kconf_update/kwin_update_49.upd' for new updates
2019-12-06T18:46:04 kwin_update_49.upd: Found new update 'Kwin-4.9'
2019-12-06T18:46:04 kwin_update_49.upd: Running script 'kwin_update_settings_49'
2019-12-06T18:46:04 Checking update-file '/usr/share/kde4/apps/kconf_update/kwin_update_tabbox_qml_settings.upd' for new updates
2019-12-06T18:46:04 kwin_update_tabbox_qml_settings.upd: Found new update 'Kwin-4.8'
2019-12-06T18:46:04 kwin_update_tabbox_qml_settings.upd: Running script 'kwin_update_tabbox_qml_settings'
2019-12-06T18:46:04 Checking update-file '/usr/share/kde4/apps/kconf_update/kwin_update_tabbox_settings.upd' for new updates
2019-12-06T18:46:04 kwin_update_tabbox_settings.upd: Found new update 'Kwin-4.4'
2019-12-06T18:46:04 kwin_update_tabbox_settings.upd: Running script 'kwin_update_tabbox_settings'
2019-12-06T18:46:04 Checking update-file '/usr/share/kde4/apps/kconf_update/mailtransports.upd' for new updates
2019-12-06T18:46:04 mailtransports.upd: Found new update 'initial-kmail-migration'
2019-12-06T18:46:04 mailtransports.upd: Skipping update 'initial-kmail-migration'
2019-12-06T18:46:04 mailtransports.upd: Found new update 'initial-knode-migration'
2019-12-06T18:46:04 mailtransports.upd: Skipping update 'initial-knode-migration'
2019-12-06T18:46:04 mailtransports.upd: File 'knoderc' does not exist or empty, skipping
2019-12-06T18:46:04 Checking update-file '/usr/share/kde4/apps/kconf_update/devicepreference.upd' for new updates
2019-12-06T18:46:04 devicepreference.upd: Found new update 'DevicesMovedToPlatformPlugin'
2019-12-06T18:46:04 devicepreference.upd: Running script 'phonon_devicepreference_update'
2019-12-06T18:46:04 devicepreference.upd: Found new update 'DevicesUIDsChanged'
2019-12-06T18:46:04 devicepreference.upd: Running script 'phonon_deviceuids_update'
2019-12-06T18:46:04 [Script] phonon device uids update(4917): invalid old index found 
2019-12-06T18:46:04 [Script] phonon device uids update(4917) main: found unknown/unhandled group: "AudioDevice_pci:8086:2415:8086:0000:0:capture" . Removing. 
2019-12-06T18:46:04 [Script] phonon device uids update(4917): invalid old index found 
2019-12-06T18:46:04 [Script] phonon device uids update(4917) main: found unknown/unhandled group: "AudioDevice_pci:8086:2415:8086:0000:0:playback" . Removing. 
2019-12-06T18:46:04 [Script] phonon device uids update(4917): invalid old index found 
2019-12-06T18:46:04 [Script] phonon device uids update(4917) main: found unknown/unhandled group: "AudioDevice_Default_playback" . Removing. 
2019-12-06T18:46:04 [Script] phonon device uids update(4917): invalid old index found 
2019-12-06T18:46:04 [Script] phonon device uids update(4917) main: found unknown/unhandled group: "AudioDevice_Default_capture" . Removing. 
2019-12-06T18:46:04 [Script] phonon device uids update(4917): invalid old index found 
2019-12-06T18:46:04 [Script] phonon device uids update(4917) main: found unknown/unhandled group: "AudioDevice_pci:8086:2415:8086:0000:1:capture" . Removing. 
2019-12-06T18:46:04 Checking update-file '/usr/share/kde4/apps/kconf_update/kuriikwsfilter.upd' for new updates
2019-12-06T18:46:04 kuriikwsfilter.upd: Found new update 'post-kde3.1/cvs'
2019-12-06T18:46:04 kuriikwsfilter.upd: File 'kuriikwsfilterrc' does not exist or empty, skipping
2019-12-06T18:46:04 kuriikwsfilter.upd: Found new update 'pre-kde4.9'
2019-12-06T18:46:04 kuriikwsfilter.upd: File 'kuriikwsfilterrc' does not exist or empty, skipping
2019-12-06T18:46:04 Checking update-file '/usr/share/kde4/apps/kconf_update/plasmarc-to-plasmadesktoprc.upd' for new updates
2019-12-06T18:46:04 plasmarc-to-plasmadesktoprc.upd: Found new update '4.3plasma-desktop'
2019-12-06T18:46:04 plasmarc-to-plasmadesktoprc.upd: Running script 'plasma-to-plasma-desktop'
2019-12-06T18:46:04 Checking update-file '/usr/share/kde4/apps/kconf_update/konsole.upd' for new updates
2019-12-06T18:46:04 konsole.upd: Found new update '2.9.0-global-options'
2019-12-06T18:46:04 konsole.upd: Running script 'konsole-2.9.0-global-options.sh'
2019-12-06T18:46:04 konsole.upd: Found new update '2.9.0-colorscheme-bold-key'
2019-12-06T18:46:04 konsole.upd: Running script 'konsole-2.9.0-colorscheme-bold-key.sh'
2019-12-06T18:46:04 konsole.upd: Found new update '2.10.0-remove-menuindex-from-profiles'
2019-12-06T18:46:04 konsole.upd: Running script 'konsole-2.10.0-remove-menuindex-from-profiles.sh'
2019-12-06T18:46:04 Checking update-file '/usr/share/kde4/apps/kconf_update/klipper-kconfigxt.upd' for new updates
2019-12-06T18:46:04 klipper-kconfigxt.upd: Found new update 'KlipperNoSpacesInKeyNames'
2019-12-06T18:46:04 klipper-kconfigxt.upd: Skipping update 'KlipperNoSpacesInKeyNames'
2019-12-06T18:46:04 Checking update-file '/usr/share/kde4/apps/kconf_update/krdb_libpathwipe.upd' for new updates
2019-12-06T18:46:04 krdb_libpathwipe.upd: Found new update 'LibraryPathWipeOut'
2019-12-06T18:46:04 krdb_libpathwipe.upd: Running script 'krdb_clearlibrarypath'
2019-12-06T18:46:04 Checking update-file '/usr/share/kde4/apps/kconf_update/kscreenlocker_locksession-shortcut.upd' for new updates
2019-12-06T18:46:04 kscreenlocker_locksession-shortcut.upd: Found new update '4.9-locksession-shortcut'
2019-12-06T18:46:04 kscreenlocker_locksession-shortcut.upd: Running script 'force_krunner_lock_shortcut_unreg'
2019-12-06T18:46:05 Checking update-file '/usr/share/kde4/apps/kconf_update/ksmserver_shortcuts.upd' for new updates
2019-12-06T18:46:05 ksmserver_shortcuts.upd: Found new update 'kde4.10'
2019-12-06T18:46:05 ksmserver_shortcuts.upd: Found new update 'kde4.10-remove-group-kscreenlocker'
2019-12-06T18:46:05 Checking update-file '/usr/share/kde4/apps/kconf_update/notifications-to-orgkdenotifications.upd' for new updates
2019-12-06T18:46:05 notifications-to-orgkdenotifications.upd: Found new update '4.10QmlNotifications'
2019-12-06T18:46:05 notifications-to-orgkdenotifications.upd: Running script 'notifications-to-orgkdenotifications'
2019-12-06T18:46:05 Checking update-file '/usr/share/kde4/apps/kconf_update/oxygen.upd' for new updates
2019-12-06T18:46:05 oxygen.upd: Found new update '1'
2019-12-06T18:46:05 oxygen.upd: Running script 'update_oxygen.pl'
2019-12-06T18:46:05 oxygen.upd: Script removes oxygenrc:Windeco:UseOxygenShadows
2019-12-06T18:46:05 Checking update-file '/usr/share/kde4/apps/kconf_update/plasma-add-shortcut-to-menu.upd' for new updates
2019-12-06T18:46:05 plasma-add-shortcut-to-menu.upd: Found new update '4.1LauncherShortcut'
2019-12-06T18:46:05 plasma-add-shortcut-to-menu.upd:2:'Script=plasma-add-shortcut-to-menu-update': Script 'plasma-add-shortcut-to-menu-update' not found
2019-12-06T18:46:05 Checking update-file '/usr/share/kde4/apps/kconf_update/plasma-to-plasmadesktop-shortcuts.upd' for new updates
2019-12-06T18:46:05 plasma-to-plasmadesktop-shortcuts.upd: Found new update '4.3plasma-desktop-shortcuts'
